2023/05/25 07:59:36 [notice] 1#1: using the "epoll" event method
2023/05/25 07:59:36 [notice] 1#1: nginx/1.23.4
2023/05/25 07:59:36 [notice] 1#1: built by gcc 10.2.1 20210110 (Debian 10.2.1-6) 
2023/05/25 07:59:36 [notice] 1#1: OS: Linux 5.19.0-42-generic
2023/05/25 07:59:36 [notice] 1#1: getrlimit(RLIMIT_NOFILE): 1048576:1048576
2023/05/25 07:59:36 [notice] 1#1: start worker processes
2023/05/25 07:59:36 [notice] 1#1: start worker process 20
2023/05/25 07:59:36 [notice] 1#1: start worker process 21
2023/05/25 07:59:36 [notice] 1#1: start worker process 22
2023/05/25 07:59:36 [notice] 1#1: start worker process 23
2023/05/25 07:59:36 [notice] 1#1: start worker process 24
2023/05/25 07:59:36 [notice] 1#1: start worker process 25
2023/05/25 07:59:36 [notice] 1#1: start worker process 26
2023/05/25 07:59:36 [notice] 1#1: start worker process 27
2023/05/25 08:00:09 [notice] 1#1: signal 3 (SIGQUIT) received, shutting down
2023/05/25 08:00:09 [notice] 20#20: gracefully shutting down
2023/05/25 08:00:09 [notice] 22#22: gracefully shutting down
2023/05/25 08:00:09 [notice] 24#24: gracefully shutting down
2023/05/25 08:00:09 [notice] 23#23: gracefully shutting down
2023/05/25 08:00:09 [notice] 24#24: exiting
2023/05/25 08:00:09 [notice] 23#23: exiting
2023/05/25 08:00:09 [notice] 24#24: exit
2023/05/25 08:00:09 [notice] 23#23: exit
2023/05/25 08:00:09 [notice] 22#22: exiting
2023/05/25 08:00:09 [notice] 21#21: gracefully shutting down
2023/05/25 08:00:09 [notice] 21#21: exiting
2023/05/25 08:00:09 [notice] 22#22: exit
2023/05/25 08:00:09 [notice] 21#21: exit
2023/05/25 08:00:09 [notice] 25#25: gracefully shutting down
2023/05/25 08:00:09 [notice] 25#25: exiting
2023/05/25 08:00:09 [notice] 25#25: exit
2023/05/25 08:00:09 [notice] 26#26: gracefully shutting down
2023/05/25 08:00:09 [notice] 26#26: exiting
2023/05/25 08:00:09 [notice] 26#26: exit
2023/05/25 08:00:09 [notice] 27#27: gracefully shutting down
2023/05/25 08:00:09 [notice] 27#27: exiting
2023/05/25 08:00:09 [notice] 27#27: exit
2023/05/25 08:00:09 [notice] 1#1: signal 17 (SIGCHLD) received from 26
2023/05/25 08:00:09 [notice] 1#1: worker process 26 exited with code 0
2023/05/25 08:00:09 [notice] 1#1: signal 29 (SIGIO) received
2023/05/25 08:00:09 [notice] 1#1: signal 17 (SIGCHLD) received from 27
2023/05/25 08:00:09 [notice] 1#1: worker process 25 exited with code 0
2023/05/25 08:00:09 [notice] 1#1: worker process 27 exited with code 0
2023/05/25 08:00:09 [notice] 1#1: signal 29 (SIGIO) received
2023/05/25 08:00:09 [notice] 1#1: signal 17 (SIGCHLD) received from 23
2023/05/25 08:00:09 [notice] 1#1: worker process 23 exited with code 0
2023/05/25 08:00:09 [notice] 1#1: signal 29 (SIGIO) received
2023/05/25 08:00:09 [notice] 1#1: signal 17 (SIGCHLD) received from 21
2023/05/25 08:00:09 [notice] 1#1: worker process 21 exited with code 0
2023/05/25 08:00:09 [notice] 1#1: signal 29 (SIGIO) received
2023/05/25 08:00:09 [notice] 1#1: signal 17 (SIGCHLD) received from 24
2023/05/25 08:00:09 [notice] 1#1: worker process 24 exited with code 0
2023/05/25 08:00:09 [notice] 1#1: signal 29 (SIGIO) received
2023/05/25 08:00:09 [notice] 1#1: signal 17 (SIGCHLD) received from 22
2023/05/25 08:00:09 [notice] 1#1: worker process 22 exited with code 0
2023/05/25 08:00:09 [notice] 1#1: signal 29 (SIGIO) received
2023/05/25 08:00:10 [notice] 20#20: exiting
2023/05/25 08:00:10 [notice] 20#20: exit
2023/05/25 08:00:10 [notice] 1#1: signal 17 (SIGCHLD) received from 20
2023/05/25 08:00:10 [notice] 1#1: worker process 20 exited with code 0
2023/05/25 08:00:10 [notice] 1#1: exit
2023/05/25 08:00:15 [notice] 1#1: using the "epoll" event method
2023/05/25 08:00:15 [notice] 1#1: nginx/1.23.4
2023/05/25 08:00:15 [notice] 1#1: built by gcc 10.2.1 20210110 (Debian 10.2.1-6) 
2023/05/25 08:00:15 [notice] 1#1: OS: Linux 5.19.0-42-generic
2023/05/25 08:00:15 [notice] 1#1: getrlimit(RLIMIT_NOFILE): 1048576:1048576
2023/05/25 08:00:15 [notice] 1#1: start worker processes
2023/05/25 08:00:15 [notice] 1#1: start worker process 19
2023/05/25 08:00:15 [notice] 1#1: start worker process 20
2023/05/25 08:00:15 [notice] 1#1: start worker process 21
2023/05/25 08:00:15 [notice] 1#1: start worker process 22
2023/05/25 08:00:15 [notice] 1#1: start worker process 23
2023/05/25 08:00:15 [notice] 1#1: start worker process 24
2023/05/25 08:00:15 [notice] 1#1: start worker process 25
2023/05/25 08:00:15 [notice] 1#1: start worker process 26
2023/05/25 08:04:38 [notice] 1#1: signal 3 (SIGQUIT) received, shutting down
2023/05/25 08:04:38 [notice] 26#26: gracefully shutting down
2023/05/25 08:04:38 [notice] 24#24: gracefully shutting down
2023/05/25 08:04:38 [notice] 23#23: gracefully shutting down
2023/05/25 08:04:38 [notice] 22#22: gracefully shutting down
2023/05/25 08:04:38 [notice] 21#21: gracefully shutting down
2023/05/25 08:04:38 [notice] 26#26: exiting
2023/05/25 08:04:38 [notice] 24#24: exiting
2023/05/25 08:04:38 [notice] 25#25: gracefully shutting down
2023/05/25 08:04:38 [notice] 21#21: exiting
2023/05/25 08:04:38 [notice] 25#25: exiting
2023/05/25 08:04:38 [notice] 25#25: exit
2023/05/25 08:04:38 [notice] 26#26: exit
2023/05/25 08:04:38 [notice] 24#24: exit
2023/05/25 08:04:38 [notice] 21#21: exit
2023/05/25 08:04:38 [notice] 19#19: gracefully shutting down
2023/05/25 08:04:38 [notice] 19#19: exiting
2023/05/25 08:04:38 [notice] 20#20: gracefully shutting down
2023/05/25 08:04:38 [notice] 23#23: exiting
2023/05/25 08:04:38 [notice] 23#23: exit
2023/05/25 08:04:38 [notice] 22#22: exiting
2023/05/25 08:04:38 [notice] 22#22: exit
2023/05/25 08:04:38 [notice] 19#19: exit
2023/05/25 08:04:38 [notice] 20#20: exiting
2023/05/25 08:04:38 [notice] 20#20: exit
2023/05/25 08:04:38 [notice] 1#1: signal 17 (SIGCHLD) received from 21
2023/05/25 08:04:38 [notice] 1#1: worker process 21 exited with code 0
2023/05/25 08:04:38 [notice] 1#1: signal 29 (SIGIO) received
2023/05/25 08:04:38 [notice] 1#1: signal 17 (SIGCHLD) received from 22
2023/05/25 08:04:38 [notice] 1#1: worker process 22 exited with code 0
2023/05/25 08:04:38 [notice] 1#1: signal 29 (SIGIO) received
2023/05/25 08:04:38 [notice] 1#1: signal 17 (SIGCHLD) received from 20
2023/05/25 08:04:38 [notice] 1#1: worker process 20 exited with code 0
2023/05/25 08:04:38 [notice] 1#1: worker process 23 exited with code 0
2023/05/25 08:04:38 [notice] 1#1: worker process 24 exited with code 0
2023/05/25 08:04:38 [notice] 1#1: worker process 25 exited with code 0
2023/05/25 08:04:38 [notice] 1#1: signal 29 (SIGIO) received
2023/05/25 08:04:38 [notice] 1#1: signal 17 (SIGCHLD) received from 25
2023/05/25 08:04:38 [notice] 1#1: signal 17 (SIGCHLD) received from 19
2023/05/25 08:04:38 [notice] 1#1: worker process 19 exited with code 0
2023/05/25 08:04:38 [notice] 1#1: signal 29 (SIGIO) received
2023/05/25 08:04:38 [notice] 1#1: signal 17 (SIGCHLD) received from 26
2023/05/25 08:04:38 [notice] 1#1: worker process 26 exited with code 0
2023/05/25 08:04:38 [notice] 1#1: exit
2023/06/01 10:49:41 [notice] 1#1: using the "epoll" event method
2023/06/01 10:49:41 [notice] 1#1: nginx/1.23.4
2023/06/01 10:49:41 [notice] 1#1: built by gcc 10.2.1 20210110 (Debian 10.2.1-6) 
2023/06/01 10:49:41 [notice] 1#1: OS: Linux 5.19.0-42-generic
2023/06/01 10:49:41 [notice] 1#1: getrlimit(RLIMIT_NOFILE): 1048576:1048576
2023/06/01 10:49:41 [notice] 1#1: start worker processes
2023/06/01 10:49:41 [notice] 1#1: start worker process 20
2023/06/01 10:49:41 [notice] 1#1: start worker process 21
2023/06/01 10:49:41 [notice] 1#1: start worker process 22
2023/06/01 10:49:41 [notice] 1#1: start worker process 23
2023/06/01 10:49:41 [notice] 1#1: start worker process 24
2023/06/01 10:49:41 [notice] 1#1: start worker process 25
2023/06/01 10:49:41 [notice] 1#1: start worker process 26
2023/06/01 10:49:41 [notice] 1#1: start worker process 27
2023/06/01 11:08:41 [notice] 1#1: signal 3 (SIGQUIT) received, shutting down
2023/06/01 11:08:41 [notice] 20#20: gracefully shutting down
2023/06/01 11:08:41 [notice] 24#24: gracefully shutting down
2023/06/01 11:08:41 [notice] 21#21: gracefully shutting down
2023/06/01 11:08:41 [notice] 23#23: gracefully shutting down
2023/06/01 11:08:41 [notice] 22#22: gracefully shutting down
2023/06/01 11:08:41 [notice] 27#27: gracefully shutting down
2023/06/01 11:08:41 [notice] 25#25: gracefully shutting down
2023/06/01 11:08:41 [notice] 26#26: gracefully shutting down
2023/06/01 11:08:41 [notice] 20#20: exiting
2023/06/01 11:08:41 [notice] 27#27: exiting
2023/06/01 11:08:41 [notice] 21#21: exiting
2023/06/01 11:08:41 [notice] 25#25: exiting
2023/06/01 11:08:41 [notice] 22#22: exiting
2023/06/01 11:08:41 [notice] 24#24: exiting
2023/06/01 11:08:41 [notice] 26#26: exiting
2023/06/01 11:08:41 [notice] 23#23: exiting
2023/06/01 11:08:41 [notice] 20#20: exit
2023/06/01 11:08:41 [notice] 24#24: exit
2023/06/01 11:08:41 [notice] 22#22: exit
2023/06/01 11:08:41 [notice] 27#27: exit
2023/06/01 11:08:41 [notice] 23#23: exit
2023/06/01 11:08:41 [notice] 25#25: exit
2023/06/01 11:08:41 [notice] 21#21: exit
2023/06/01 11:08:41 [notice] 26#26: exit
2023/06/01 11:08:41 [notice] 1#1: signal 17 (SIGCHLD) received from 22
2023/06/01 11:08:41 [notice] 1#1: worker process 22 exited with code 0
2023/06/01 11:08:41 [notice] 1#1: signal 29 (SIGIO) received
2023/06/01 11:08:41 [notice] 1#1: signal 17 (SIGCHLD) received from 21
2023/06/01 11:08:41 [notice] 1#1: worker process 21 exited with code 0
2023/06/01 11:08:41 [notice] 1#1: worker process 25 exited with code 0
2023/06/01 11:08:41 [notice] 1#1: worker process 27 exited with code 0
2023/06/01 11:08:41 [notice] 1#1: signal 29 (SIGIO) received
2023/06/01 11:08:41 [notice] 1#1: signal 17 (SIGCHLD) received from 20
2023/06/01 11:08:41 [notice] 1#1: worker process 20 exited with code 0
2023/06/01 11:08:41 [notice] 1#1: signal 29 (SIGIO) received
2023/06/01 11:08:41 [notice] 1#1: signal 17 (SIGCHLD) received from 24
2023/06/01 11:08:41 [notice] 1#1: worker process 23 exited with code 0
2023/06/01 11:08:41 [notice] 1#1: worker process 24 exited with code 0
2023/06/01 11:08:41 [notice] 1#1: signal 29 (SIGIO) received
2023/06/01 11:08:41 [notice] 1#1: signal 17 (SIGCHLD) received from 26
2023/06/01 11:08:41 [notice] 1#1: worker process 26 exited with code 0
2023/06/01 11:08:41 [notice] 1#1: exit
2023/06/01 11:09:44 [notice] 1#1: using the "epoll" event method
2023/06/01 11:09:44 [notice] 1#1: nginx/1.23.4
2023/06/01 11:09:44 [notice] 1#1: built by gcc 10.2.1 20210110 (Debian 10.2.1-6) 
2023/06/01 11:09:44 [notice] 1#1: OS: Linux 5.19.0-42-generic
2023/06/01 11:09:44 [notice] 1#1: getrlimit(RLIMIT_NOFILE): 1048576:1048576
2023/06/01 11:09:44 [notice] 1#1: start worker processes
2023/06/01 11:09:44 [notice] 1#1: start worker process 20
2023/06/01 11:09:44 [notice] 1#1: start worker process 21
2023/06/01 11:09:44 [notice] 1#1: start worker process 22
2023/06/01 11:09:44 [notice] 1#1: start worker process 23
2023/06/01 11:09:44 [notice] 1#1: start worker process 24
2023/06/01 11:09:44 [notice] 1#1: start worker process 25
2023/06/01 11:09:44 [notice] 1#1: start worker process 26
2023/06/01 11:09:44 [notice] 1#1: start worker process 27
2023/06/01 11:10:11 [notice] 1#1: signal 3 (SIGQUIT) received, shutting down
2023/06/01 11:10:11 [notice] 22#22: gracefully shutting down
2023/06/01 11:10:11 [notice] 24#24: gracefully shutting down
2023/06/01 11:10:11 [notice] 27#27: gracefully shutting down
2023/06/01 11:10:11 [notice] 20#20: gracefully shutting down
2023/06/01 11:10:11 [notice] 24#24: exiting
2023/06/01 11:10:11 [notice] 22#22: exiting
2023/06/01 11:10:11 [notice] 27#27: exiting
2023/06/01 11:10:11 [notice] 20#20: exiting
2023/06/01 11:10:11 [notice] 22#22: exit
2023/06/01 11:10:11 [notice] 24#24: exit
2023/06/01 11:10:11 [notice] 27#27: exit
2023/06/01 11:10:11 [notice] 20#20: exit
2023/06/01 11:10:11 [notice] 21#21: gracefully shutting down
2023/06/01 11:10:11 [notice] 23#23: gracefully shutting down
2023/06/01 11:10:11 [notice] 21#21: exiting
2023/06/01 11:10:11 [notice] 25#25: gracefully shutting down
2023/06/01 11:10:11 [notice] 26#26: gracefully shutting down
2023/06/01 11:10:11 [notice] 23#23: exiting
2023/06/01 11:10:11 [notice] 25#25: exiting
2023/06/01 11:10:11 [notice] 21#21: exit
2023/06/01 11:10:11 [notice] 26#26: exiting
2023/06/01 11:10:11 [notice] 23#23: exit
2023/06/01 11:10:11 [notice] 25#25: exit
2023/06/01 11:10:11 [notice] 26#26: exit
2023/06/01 11:10:11 [notice] 1#1: signal 17 (SIGCHLD) received from 23
2023/06/01 11:10:11 [notice] 1#1: worker process 23 exited with code 0
2023/06/01 11:10:11 [notice] 1#1: signal 29 (SIGIO) received
2023/06/01 11:10:11 [notice] 1#1: signal 17 (SIGCHLD) received from 22
2023/06/01 11:10:11 [notice] 1#1: worker process 22 exited with code 0
2023/06/01 11:10:11 [notice] 1#1: signal 29 (SIGIO) received
2023/06/01 11:10:11 [notice] 1#1: signal 17 (SIGCHLD) received from 27
2023/06/01 11:10:11 [notice] 1#1: worker process 27 exited with code 0
2023/06/01 11:10:11 [notice] 1#1: signal 29 (SIGIO) received
2023/06/01 11:10:11 [notice] 1#1: signal 17 (SIGCHLD) received from 21
2023/06/01 11:10:11 [notice] 1#1: worker process 21 exited with code 0
2023/06/01 11:10:11 [notice] 1#1: signal 29 (SIGIO) received
2023/06/01 11:10:11 [notice] 1#1: signal 17 (SIGCHLD) received from 26
2023/06/01 11:10:11 [notice] 1#1: worker process 26 exited with code 0
2023/06/01 11:10:11 [notice] 1#1: signal 29 (SIGIO) received
2023/06/01 11:10:11 [notice] 1#1: signal 17 (SIGCHLD) received from 25
2023/06/01 11:10:11 [notice] 1#1: worker process 25 exited with code 0
2023/06/01 11:10:11 [notice] 1#1: signal 29 (SIGIO) received
2023/06/01 11:10:11 [notice] 1#1: signal 17 (SIGCHLD) received from 24
2023/06/01 11:10:11 [notice] 1#1: worker process 24 exited with code 0
2023/06/01 11:10:11 [notice] 1#1: signal 29 (SIGIO) received
2023/06/01 11:10:11 [notice] 1#1: signal 17 (SIGCHLD) received from 20
2023/06/01 11:10:11 [notice] 1#1: worker process 20 exited with code 0
2023/06/01 11:10:11 [notice] 1#1: exit
2023/06/01 11:10:28 [notice] 1#1: using the "epoll" event method
2023/06/01 11:10:28 [notice] 1#1: nginx/1.23.4
2023/06/01 11:10:28 [notice] 1#1: built by gcc 10.2.1 20210110 (Debian 10.2.1-6) 
2023/06/01 11:10:28 [notice] 1#1: OS: Linux 5.19.0-42-generic
2023/06/01 11:10:28 [notice] 1#1: getrlimit(RLIMIT_NOFILE): 1048576:1048576
2023/06/01 11:10:28 [notice] 1#1: start worker processes
2023/06/01 11:10:28 [notice] 1#1: start worker process 20
2023/06/01 11:10:28 [notice] 1#1: start worker process 21
2023/06/01 11:10:28 [notice] 1#1: start worker process 22
2023/06/01 11:10:28 [notice] 1#1: start worker process 23
2023/06/01 11:10:28 [notice] 1#1: start worker process 24
2023/06/01 11:10:28 [notice] 1#1: start worker process 25
2023/06/01 11:10:28 [notice] 1#1: start worker process 26
2023/06/01 11:10:28 [notice] 1#1: start worker process 27
2023/06/01 11:12:44 [error] 21#21: *2 connect() failed (111: Connection refused) while connecting to upstream, client: 192.168.0.1, server: rest.local, request: "GET /rth HTTP/1.1", upstream: "fastcgi://192.168.0.3:9000", host: "localhost:8101"
2023/06/01 11:12:48 [error] 21#21: *2 connect() failed (111: Connection refused) while connecting to upstream, client: 192.168.0.1, server: rest.local, request: "GET /rth HTTP/1.1", upstream: "fastcgi://192.168.0.3:9000", host: "localhost:8101"
2023/06/01 11:12:50 [error] 21#21: *2 connect() failed (111: Connection refused) while connecting to upstream, client: 192.168.0.1, server: rest.local, request: "GET /rth HTTP/1.1", upstream: "fastcgi://192.168.0.3:9000", host: "localhost:8101"
2023/06/01 11:12:54 [error] 20#20: *6 connect() failed (111: Connection refused) while connecting to upstream, client: 192.168.0.1, server: rest.local, request: "GET /rth HTTP/1.1", upstream: "fastcgi://192.168.0.3:9000", host: "localhost:8101"
2023/06/01 11:14:53 [error] 24#24: *9 connect() failed (111: Connection refused) while connecting to upstream, client: 192.168.0.1, server: rest.local, request: "GET /rth HTTP/1.1", upstream: "fastcgi://192.168.0.3:9000", host: "localhost:8101"
2023/06/01 11:14:58 [notice] 1#1: signal 3 (SIGQUIT) received, shutting down
2023/06/01 11:14:58 [notice] 20#20: gracefully shutting down
2023/06/01 11:14:58 [notice] 21#21: gracefully shutting down
2023/06/01 11:14:58 [notice] 24#24: gracefully shutting down
2023/06/01 11:14:58 [notice] 22#22: gracefully shutting down
2023/06/01 11:14:58 [notice] 23#23: gracefully shutting down
2023/06/01 11:14:58 [notice] 27#27: gracefully shutting down
2023/06/01 11:14:58 [notice] 26#26: gracefully shutting down
2023/06/01 11:14:58 [notice] 25#25: gracefully shutting down
2023/06/01 11:14:58 [notice] 25#25: exiting
2023/06/01 11:14:58 [notice] 26#26: exiting
2023/06/01 11:14:58 [notice] 26#26: exit
2023/06/01 11:14:58 [notice] 25#25: exit
2023/06/01 11:14:58 [notice] 27#27: exiting
2023/06/01 11:14:58 [notice] 27#27: exit
2023/06/01 11:14:58 [notice] 24#24: exiting
2023/06/01 11:14:58 [notice] 24#24: exit
2023/06/01 11:14:58 [notice] 22#22: exiting
2023/06/01 11:14:58 [notice] 21#21: exiting
2023/06/01 11:14:58 [notice] 22#22: exit
2023/06/01 11:14:58 [notice] 21#21: exit
2023/06/01 11:14:58 [notice] 23#23: exiting
2023/06/01 11:14:58 [notice] 20#20: exiting
2023/06/01 11:14:58 [notice] 20#20: exit
2023/06/01 11:14:58 [notice] 23#23: exit
2023/06/01 11:14:58 [notice] 1#1: signal 17 (SIGCHLD) received from 22
2023/06/01 11:14:58 [notice] 1#1: worker process 22 exited with code 0
2023/06/01 11:14:58 [notice] 1#1: worker process 25 exited with code 0
2023/06/01 11:14:58 [notice] 1#1: signal 29 (SIGIO) received
2023/06/01 11:14:58 [notice] 1#1: signal 17 (SIGCHLD) received from 25
2023/06/01 11:14:58 [notice] 1#1: signal 17 (SIGCHLD) received from 21
2023/06/01 11:14:58 [notice] 1#1: worker process 21 exited with code 0
2023/06/01 11:14:58 [notice] 1#1: signal 29 (SIGIO) received
2023/06/01 11:14:58 [notice] 1#1: signal 17 (SIGCHLD) received from 23
2023/06/01 11:14:58 [notice] 1#1: worker process 23 exited with code 0
2023/06/01 11:14:58 [notice] 1#1: worker process 26 exited with code 0
2023/06/01 11:14:58 [notice] 1#1: signal 29 (SIGIO) received
2023/06/01 11:14:58 [notice] 1#1: signal 17 (SIGCHLD) received from 26
2023/06/01 11:14:58 [notice] 1#1: signal 17 (SIGCHLD) received from 27
2023/06/01 11:14:58 [notice] 1#1: worker process 27 exited with code 0
2023/06/01 11:14:58 [notice] 1#1: signal 29 (SIGIO) received
2023/06/01 11:14:58 [notice] 1#1: signal 17 (SIGCHLD) received from 20
2023/06/01 11:14:58 [notice] 1#1: worker process 20 exited with code 0
2023/06/01 11:14:58 [notice] 1#1: worker process 24 exited with code 0
2023/06/01 11:14:58 [notice] 1#1: exit
2023/06/01 11:15:37 [notice] 1#1: using the "epoll" event method
2023/06/01 11:15:37 [notice] 1#1: nginx/1.23.4
2023/06/01 11:15:37 [notice] 1#1: built by gcc 10.2.1 20210110 (Debian 10.2.1-6) 
2023/06/01 11:15:37 [notice] 1#1: OS: Linux 5.19.0-42-generic
2023/06/01 11:15:37 [notice] 1#1: getrlimit(RLIMIT_NOFILE): 1048576:1048576
2023/06/01 11:15:37 [notice] 1#1: start worker processes
2023/06/01 11:15:37 [notice] 1#1: start worker process 20
2023/06/01 11:15:37 [notice] 1#1: start worker process 21
2023/06/01 11:15:37 [notice] 1#1: start worker process 22
2023/06/01 11:15:37 [notice] 1#1: start worker process 23
2023/06/01 11:15:37 [notice] 1#1: start worker process 24
2023/06/01 11:15:37 [notice] 1#1: start worker process 25
2023/06/01 11:15:37 [notice] 1#1: start worker process 26
2023/06/01 11:15:37 [notice] 1#1: start worker process 27
2023/06/01 11:15:55 [error] 20#20: *2 connect() failed (111: Connection refused) while connecting to upstream, client: 192.168.0.1, server: rest.local, request: "GET /rth HTTP/1.1", upstream: "fastcgi://192.168.0.2:9000", host: "localhost:8101"
2023/06/01 11:16:00 [error] 23#23: *5 connect() failed (111: Connection refused) while connecting to upstream, client: 192.168.0.1, server: rest.local, request: "GET /rth HTTP/1.1", upstream: "fastcgi://192.168.0.2:9000", host: "localhost:8101"
2023/06/01 11:17:15 [error] 22#22: *8 connect() failed (111: Connection refused) while connecting to upstream, client: 192.168.0.1, server: rest.local, request: "GET /rth HTTP/1.1", upstream: "fastcgi://192.168.0.2:9000", host: "localhost:8101"
2023/06/01 11:17:23 [error] 26#26: *10 connect() failed (111: Connection refused) while connecting to upstream, client: 192.168.0.1, server: rest.local, request: "GET /rth HTTP/1.1", upstream: "fastcgi://192.168.0.2:9000", host: "localhost:8101"
2023/06/01 11:17:36 [error] 21#21: *14 connect() failed (111: Connection refused) while connecting to upstream, client: 192.168.0.1, server: rest.local, request: "GET /rth HTTP/1.1", upstream: "fastcgi://192.168.0.2:9000", host: "localhost:8101"
2023/06/01 11:17:38 [error] 27#27: *17 connect() failed (111: Connection refused) while connecting to upstream, client: 192.168.0.1, server: rest.local, request: "GET /rth HTTP/1.1", upstream: "fastcgi://192.168.0.2:9000", host: "localhost:8101"
2023/06/01 11:17:44 [error] 27#27: *17 connect() failed (111: Connection refused) while connecting to upstream, client: 192.168.0.1, server: rest.local, request: "GET /rth HTTP/1.1", upstream: "fastcgi://192.168.0.2:9000", host: "localhost:8101"
2023/06/01 11:19:41 [error] 20#20: *21 connect() failed (111: Connection refused) while connecting to upstream, client: 192.168.0.1, server: rest.local, request: "GET / HTTP/1.1", upstream: "fastcgi://192.168.0.2:9000", host: "localhost:8101"
2023/06/01 11:21:28 [notice] 1#1: signal 3 (SIGQUIT) received, shutting down
2023/06/01 11:21:28 [notice] 20#20: gracefully shutting down
2023/06/01 11:21:28 [notice] 21#21: gracefully shutting down
2023/06/01 11:21:28 [notice] 22#22: gracefully shutting down
2023/06/01 11:21:28 [notice] 26#26: gracefully shutting down
2023/06/01 11:21:28 [notice] 27#27: gracefully shutting down
2023/06/01 11:21:28 [notice] 24#24: gracefully shutting down
2023/06/01 11:21:28 [notice] 25#25: gracefully shutting down
2023/06/01 11:21:28 [notice] 23#23: gracefully shutting down
2023/06/01 11:21:28 [notice] 27#27: exiting
2023/06/01 11:21:28 [notice] 26#26: exiting
2023/06/01 11:21:28 [notice] 25#25: exiting
2023/06/01 11:21:28 [notice] 26#26: exit
2023/06/01 11:21:28 [notice] 21#21: exiting
2023/06/01 11:21:28 [notice] 21#21: exit
2023/06/01 11:21:28 [notice] 20#20: exiting
2023/06/01 11:21:28 [notice] 20#20: exit
2023/06/01 11:21:28 [notice] 24#24: exiting
2023/06/01 11:21:28 [notice] 23#23: exiting
2023/06/01 11:21:28 [notice] 22#22: exiting
2023/06/01 11:21:28 [notice] 22#22: exit
2023/06/01 11:21:28 [notice] 25#25: exit
2023/06/01 11:21:28 [notice] 27#27: exit
2023/06/01 11:21:28 [notice] 23#23: exit
2023/06/01 11:21:28 [notice] 24#24: exit
2023/06/01 11:21:28 [notice] 1#1: signal 17 (SIGCHLD) received from 26
2023/06/01 11:21:28 [notice] 1#1: worker process 21 exited with code 0
2023/06/01 11:21:28 [notice] 1#1: worker process 25 exited with code 0
2023/06/01 11:21:28 [notice] 1#1: worker process 26 exited with code 0
2023/06/01 11:21:28 [notice] 1#1: signal 29 (SIGIO) received
2023/06/01 11:21:28 [notice] 1#1: signal 17 (SIGCHLD) received from 25
2023/06/01 11:21:28 [notice] 1#1: worker process 20 exited with code 0
2023/06/01 11:21:28 [notice] 1#1: signal 29 (SIGIO) received
2023/06/01 11:21:28 [notice] 1#1: signal 17 (SIGCHLD) received from 24
2023/06/01 11:21:28 [notice] 1#1: worker process 23 exited with code 0
2023/06/01 11:21:28 [notice] 1#1: worker process 24 exited with code 0
2023/06/01 11:21:28 [notice] 1#1: worker process 27 exited with code 0
2023/06/01 11:21:28 [notice] 1#1: signal 29 (SIGIO) received
2023/06/01 11:21:28 [notice] 1#1: signal 17 (SIGCHLD) received from 22
2023/06/01 11:21:28 [notice] 1#1: worker process 22 exited with code 0
2023/06/01 11:21:28 [notice] 1#1: exit
2023/06/01 11:21:49 [notice] 1#1: using the "epoll" event method
2023/06/01 11:21:49 [notice] 1#1: nginx/1.23.4
2023/06/01 11:21:49 [notice] 1#1: built by gcc 10.2.1 20210110 (Debian 10.2.1-6) 
2023/06/01 11:21:49 [notice] 1#1: OS: Linux 5.19.0-42-generic
2023/06/01 11:21:49 [notice] 1#1: getrlimit(RLIMIT_NOFILE): 1048576:1048576
2023/06/01 11:21:49 [notice] 1#1: start worker processes
2023/06/01 11:21:49 [notice] 1#1: start worker process 20
2023/06/01 11:21:49 [notice] 1#1: start worker process 21
2023/06/01 11:21:49 [notice] 1#1: start worker process 22
2023/06/01 11:21:49 [notice] 1#1: start worker process 23
2023/06/01 11:21:49 [notice] 1#1: start worker process 24
2023/06/01 11:21:49 [notice] 1#1: start worker process 25
2023/06/01 11:21:49 [notice] 1#1: start worker process 26
2023/06/01 11:21:49 [notice] 1#1: start worker process 27
2023/06/01 11:21:54 [error] 22#22: *1 connect() failed (111: Connection refused) while connecting to upstream, client: 192.168.48.1, server: rest.local, request: "GET / HTTP/1.1", upstream: "fastcgi://192.168.48.2:9000", host: "localhost:8101"
2023/06/01 11:21:56 [error] 23#23: *4 connect() failed (111: Connection refused) while connecting to upstream, client: 192.168.48.1, server: rest.local, request: "GET / HTTP/1.1", upstream: "fastcgi://192.168.48.2:9000", host: "localhost:8101"
2023/06/01 11:21:59 [error] 23#23: *4 connect() failed (111: Connection refused) while connecting to upstream, client: 192.168.48.1, server: rest.local, request: "GET / HTTP/1.1", upstream: "fastcgi://192.168.48.2:9000", host: "localhost:8101"
2023/06/01 11:22:32 [error] 24#24: *8 connect() failed (111: Connection refused) while connecting to upstream, client: 192.168.48.1, server: rest.local, request: "GET / HTTP/1.1", upstream: "fastcgi://192.168.48.2:9000", host: "localhost:8101"
2023/06/01 11:23:39 [notice] 1#1: signal 3 (SIGQUIT) received, shutting down
2023/06/01 11:23:39 [notice] 21#21: gracefully shutting down
2023/06/01 11:23:39 [notice] 23#23: gracefully shutting down
2023/06/01 11:23:39 [notice] 22#22: gracefully shutting down
2023/06/01 11:23:39 [notice] 20#20: gracefully shutting down
2023/06/01 11:23:39 [notice] 26#26: gracefully shutting down
2023/06/01 11:23:39 [notice] 27#27: gracefully shutting down
2023/06/01 11:23:39 [notice] 22#22: exiting
2023/06/01 11:23:39 [notice] 24#24: gracefully shutting down
2023/06/01 11:23:39 [notice] 24#24: exiting
2023/06/01 11:23:39 [notice] 27#27: exiting
2023/06/01 11:23:39 [notice] 26#26: exiting
2023/06/01 11:23:39 [notice] 21#21: exiting
2023/06/01 11:23:39 [notice] 25#25: gracefully shutting down
2023/06/01 11:23:39 [notice] 25#25: exiting
2023/06/01 11:23:39 [notice] 22#22: exit
2023/06/01 11:23:39 [notice] 27#27: exit
2023/06/01 11:23:39 [notice] 26#26: exit
2023/06/01 11:23:39 [notice] 24#24: exit
2023/06/01 11:23:39 [notice] 25#25: exit
2023/06/01 11:23:39 [notice] 21#21: exit
2023/06/01 11:23:39 [notice] 20#20: exiting
2023/06/01 11:23:39 [notice] 23#23: exiting
2023/06/01 11:23:39 [notice] 23#23: exit
2023/06/01 11:23:39 [notice] 20#20: exit
2023/06/01 11:23:39 [notice] 1#1: signal 17 (SIGCHLD) received from 25
2023/06/01 11:23:39 [notice] 1#1: worker process 21 exited with code 0
2023/06/01 11:23:39 [notice] 1#1: worker process 25 exited with code 0
2023/06/01 11:23:39 [notice] 1#1: signal 29 (SIGIO) received
2023/06/01 11:23:39 [notice] 1#1: signal 17 (SIGCHLD) received from 21
2023/06/01 11:23:39 [notice] 1#1: signal 17 (SIGCHLD) received from 24
2023/06/01 11:23:39 [notice] 1#1: worker process 24 exited with code 0
2023/06/01 11:23:39 [notice] 1#1: signal 29 (SIGIO) received
2023/06/01 11:23:39 [notice] 1#1: signal 17 (SIGCHLD) received from 23
2023/06/01 11:23:39 [notice] 1#1: worker process 20 exited with code 0
2023/06/01 11:23:39 [notice] 1#1: worker process 23 exited with code 0
2023/06/01 11:23:39 [notice] 1#1: worker process 27 exited with code 0
2023/06/01 11:23:39 [notice] 1#1: signal 29 (SIGIO) received
2023/06/01 11:23:39 [notice] 1#1: signal 17 (SIGCHLD) received from 26
2023/06/01 11:23:39 [notice] 1#1: worker process 26 exited with code 0
2023/06/01 11:23:39 [notice] 1#1: signal 29 (SIGIO) received
2023/06/01 11:23:39 [notice] 1#1: signal 17 (SIGCHLD) received from 22
2023/06/01 11:23:39 [notice] 1#1: worker process 22 exited with code 0
2023/06/01 11:23:39 [notice] 1#1: exit
2023/06/01 11:23:56 [notice] 1#1: using the "epoll" event method
2023/06/01 11:23:56 [notice] 1#1: nginx/1.23.4
2023/06/01 11:23:56 [notice] 1#1: built by gcc 10.2.1 20210110 (Debian 10.2.1-6) 
2023/06/01 11:23:56 [notice] 1#1: OS: Linux 5.19.0-42-generic
2023/06/01 11:23:56 [notice] 1#1: getrlimit(RLIMIT_NOFILE): 1048576:1048576
2023/06/01 11:23:56 [notice] 1#1: start worker processes
2023/06/01 11:23:56 [notice] 1#1: start worker process 19
2023/06/01 11:23:56 [notice] 1#1: start worker process 20
2023/06/01 11:23:56 [notice] 1#1: start worker process 21
2023/06/01 11:23:56 [notice] 1#1: start worker process 22
2023/06/01 11:23:56 [notice] 1#1: start worker process 23
2023/06/01 11:23:56 [notice] 1#1: start worker process 24
2023/06/01 11:23:56 [notice] 1#1: start worker process 25
2023/06/01 11:23:56 [notice] 1#1: start worker process 26
2023/06/01 11:24:01 [error] 19#19: *1 connect() failed (111: Connection refused) while connecting to upstream, client: 192.168.80.1, server: rest.local, request: "GET / HTTP/1.1", upstream: "fastcgi://192.168.80.4:9000", host: "localhost:8101"
2023/06/01 11:24:34 [error] 22#22: *5 connect() failed (111: Connection refused) while connecting to upstream, client: 192.168.80.1, server: rest.local, request: "GET / HTTP/1.1", upstream: "fastcgi://192.168.80.4:9000", host: "localhost:8101"
2023/06/01 11:27:32 [notice] 1#1: signal 3 (SIGQUIT) received, shutting down
2023/06/01 11:27:32 [notice] 22#22: gracefully shutting down
2023/06/01 11:27:32 [notice] 23#23: gracefully shutting down
2023/06/01 11:27:32 [notice] 25#25: gracefully shutting down
2023/06/01 11:27:32 [notice] 20#20: gracefully shutting down
2023/06/01 11:27:32 [notice] 26#26: gracefully shutting down
2023/06/01 11:27:32 [notice] 19#19: gracefully shutting down
2023/06/01 11:27:32 [notice] 21#21: gracefully shutting down
2023/06/01 11:27:32 [notice] 23#23: exiting
2023/06/01 11:27:32 [notice] 22#22: exiting
2023/06/01 11:27:32 [notice] 21#21: exiting
2023/06/01 11:27:32 [notice] 24#24: gracefully shutting down
2023/06/01 11:27:32 [notice] 22#22: exit
2023/06/01 11:27:32 [notice] 23#23: exit
2023/06/01 11:27:32 [notice] 26#26: exiting
2023/06/01 11:27:32 [notice] 21#21: exit
2023/06/01 11:27:32 [notice] 20#20: exiting
2023/06/01 11:27:32 [notice] 26#26: exit
2023/06/01 11:27:32 [notice] 20#20: exit
2023/06/01 11:27:32 [notice] 19#19: exiting
2023/06/01 11:27:32 [notice] 19#19: exit
2023/06/01 11:27:32 [notice] 25#25: exiting
2023/06/01 11:27:32 [notice] 25#25: exit
2023/06/01 11:27:32 [notice] 24#24: exiting
2023/06/01 11:27:32 [notice] 24#24: exit
2023/06/01 11:27:32 [notice] 1#1: signal 17 (SIGCHLD) received from 23
2023/06/01 11:27:32 [notice] 1#1: worker process 22 exited with code 0
2023/06/01 11:27:32 [notice] 1#1: worker process 23 exited with code 0
2023/06/01 11:27:32 [notice] 1#1: worker process 25 exited with code 0
2023/06/01 11:27:32 [notice] 1#1: signal 29 (SIGIO) received
2023/06/01 11:27:32 [notice] 1#1: signal 17 (SIGCHLD) received from 25
2023/06/01 11:27:32 [notice] 1#1: worker process 19 exited with code 0
2023/06/01 11:27:32 [notice] 1#1: worker process 20 exited with code 0
2023/06/01 11:27:32 [notice] 1#1: signal 29 (SIGIO) received
2023/06/01 11:27:32 [notice] 1#1: signal 17 (SIGCHLD) received from 20
2023/06/01 11:27:32 [notice] 1#1: signal 17 (SIGCHLD) received from 21
2023/06/01 11:27:32 [notice] 1#1: worker process 21 exited with code 0
2023/06/01 11:27:32 [notice] 1#1: signal 29 (SIGIO) received
2023/06/01 11:27:32 [notice] 1#1: signal 17 (SIGCHLD) received from 26
2023/06/01 11:27:32 [notice] 1#1: worker process 26 exited with code 0
2023/06/01 11:27:32 [notice] 1#1: signal 17 (SIGCHLD) received from 24
2023/06/01 11:27:32 [notice] 1#1: worker process 24 exited with code 0
2023/06/01 11:27:32 [notice] 1#1: exit
2023/06/01 11:27:45 [notice] 1#1: using the "epoll" event method
2023/06/01 11:27:45 [notice] 1#1: nginx/1.23.4
2023/06/01 11:27:45 [notice] 1#1: built by gcc 10.2.1 20210110 (Debian 10.2.1-6) 
2023/06/01 11:27:45 [notice] 1#1: OS: Linux 5.19.0-42-generic
2023/06/01 11:27:45 [notice] 1#1: getrlimit(RLIMIT_NOFILE): 1048576:1048576
2023/06/01 11:27:45 [notice] 1#1: start worker processes
2023/06/01 11:27:45 [notice] 1#1: start worker process 20
2023/06/01 11:27:45 [notice] 1#1: start worker process 21
2023/06/01 11:27:45 [notice] 1#1: start worker process 22
2023/06/01 11:27:45 [notice] 1#1: start worker process 23
2023/06/01 11:27:45 [notice] 1#1: start worker process 24
2023/06/01 11:27:45 [notice] 1#1: start worker process 25
2023/06/01 11:27:45 [notice] 1#1: start worker process 26
2023/06/01 11:27:45 [notice] 1#1: start worker process 27
2023/06/01 11:27:50 [error] 23#23: *2 connect() failed (111: Connection refused) while connecting to upstream, client: 192.168.80.1, server: rest.local, request: "GET / HTTP/1.1", upstream: "fastcgi://192.168.80.3:9000", host: "localhost:8101"
2023/06/01 11:27:52 [error] 20#20: *5 connect() failed (111: Connection refused) while connecting to upstream, client: 192.168.80.1, server: rest.local, request: "GET / HTTP/1.1", upstream: "fastcgi://192.168.80.3:9000", host: "localhost:8101"
2023/06/01 11:27:55 [error] 20#20: *5 connect() failed (111: Connection refused) while connecting to upstream, client: 192.168.80.1, server: rest.local, request: "GET / HTTP/1.1", upstream: "fastcgi://192.168.80.3:9000", host: "localhost:8101"
2023/06/01 11:27:56 [error] 20#20: *5 connect() failed (111: Connection refused) while connecting to upstream, client: 192.168.80.1, server: rest.local, request: "GET / HTTP/1.1", upstream: "fastcgi://192.168.80.3:9000", host: "localhost:8101"
2023/06/01 11:27:57 [error] 20#20: *5 connect() failed (111: Connection refused) while connecting to upstream, client: 192.168.80.1, server: rest.local, request: "GET / HTTP/1.1", upstream: "fastcgi://192.168.80.3:9000", host: "localhost:8101"
2023/06/01 11:27:58 [error] 20#20: *5 connect() failed (111: Connection refused) while connecting to upstream, client: 192.168.80.1, server: rest.local, request: "GET / HTTP/1.1", upstream: "fastcgi://192.168.80.3:9000", host: "localhost:8101"
2023/06/01 11:27:59 [error] 20#20: *5 connect() failed (111: Connection refused) while connecting to upstream, client: 192.168.80.1, server: rest.local, request: "GET / HTTP/1.1", upstream: "fastcgi://192.168.80.3:9000", host: "localhost:8101"
2023/06/01 11:27:59 [error] 20#20: *5 connect() failed (111: Connection refused) while connecting to upstream, client: 192.168.80.1, server: rest.local, request: "GET / HTTP/1.1", upstream: "fastcgi://192.168.80.3:9000", host: "localhost:8101"
2023/06/01 11:28:00 [error] 20#20: *5 connect() failed (111: Connection refused) while connecting to upstream, client: 192.168.80.1, server: rest.local, request: "GET / HTTP/1.1", upstream: "fastcgi://192.168.80.3:9000", host: "localhost:8101"
2023/06/01 11:28:00 [error] 26#26: *14 connect() failed (111: Connection refused) while connecting to upstream, client: 192.168.80.1, server: rest.local, request: "GET / HTTP/1.1", upstream: "fastcgi://192.168.80.3:9000", host: "localhost:8101"
2023/06/01 11:28:01 [error] 26#26: *14 connect() failed (111: Connection refused) while connecting to upstream, client: 192.168.80.1, server: rest.local, request: "GET / HTTP/1.1", upstream: "fastcgi://192.168.80.3:9000", host: "localhost:8101"
2023/06/01 11:28:02 [error] 26#26: *14 connect() failed (111: Connection refused) while connecting to upstream, client: 192.168.80.1, server: rest.local, request: "GET / HTTP/1.1", upstream: "fastcgi://192.168.80.3:9000", host: "localhost:8101"
2023/06/01 11:28:02 [error] 26#26: *14 connect() failed (111: Connection refused) while connecting to upstream, client: 192.168.80.1, server: rest.local, request: "GET / HTTP/1.1", upstream: "fastcgi://192.168.80.3:9000", host: "localhost:8101"
2023/06/01 11:28:07 [notice] 1#1: signal 3 (SIGQUIT) received, shutting down
2023/06/01 11:28:07 [notice] 20#20: gracefully shutting down
2023/06/01 11:28:07 [notice] 24#24: gracefully shutting down
2023/06/01 11:28:07 [notice] 22#22: gracefully shutting down
2023/06/01 11:28:07 [notice] 21#21: gracefully shutting down
2023/06/01 11:28:07 [notice] 26#26: gracefully shutting down
2023/06/01 11:28:07 [notice] 20#20: exiting
2023/06/01 11:28:07 [notice] 24#24: exiting
2023/06/01 11:28:07 [notice] 22#22: exiting
2023/06/01 11:28:07 [notice] 21#21: exiting
2023/06/01 11:28:07 [notice] 26#26: exiting
2023/06/01 11:28:07 [notice] 20#20: exit
2023/06/01 11:28:07 [notice] 24#24: exit
2023/06/01 11:28:07 [notice] 22#22: exit
2023/06/01 11:28:07 [notice] 26#26: exit
2023/06/01 11:28:07 [notice] 21#21: exit
2023/06/01 11:28:07 [notice] 23#23: gracefully shutting down
2023/06/01 11:28:07 [notice] 27#27: gracefully shutting down
2023/06/01 11:28:07 [notice] 23#23: exiting
2023/06/01 11:28:07 [notice] 27#27: exiting
2023/06/01 11:28:07 [notice] 23#23: exit
2023/06/01 11:28:07 [notice] 27#27: exit
2023/06/01 11:28:07 [notice] 25#25: gracefully shutting down
2023/06/01 11:28:07 [notice] 25#25: exiting
2023/06/01 11:28:07 [notice] 25#25: exit
2023/06/01 11:28:07 [notice] 1#1: signal 17 (SIGCHLD) received from 24
2023/06/01 11:28:07 [notice] 1#1: worker process 20 exited with code 0
2023/06/01 11:28:07 [notice] 1#1: worker process 24 exited with code 0
2023/06/01 11:28:07 [notice] 1#1: worker process 25 exited with code 0
2023/06/01 11:28:07 [notice] 1#1: worker process 26 exited with code 0
2023/06/01 11:28:07 [notice] 1#1: signal 29 (SIGIO) received
2023/06/01 11:28:07 [notice] 1#1: signal 17 (SIGCHLD) received from 22
2023/06/01 11:28:07 [notice] 1#1: worker process 22 exited with code 0
2023/06/01 11:28:07 [notice] 1#1: signal 29 (SIGIO) received
2023/06/01 11:28:07 [notice] 1#1: signal 17 (SIGCHLD) received from 23
2023/06/01 11:28:07 [notice] 1#1: worker process 23 exited with code 0
2023/06/01 11:28:07 [notice] 1#1: signal 29 (SIGIO) received
2023/06/01 11:28:07 [notice] 1#1: signal 17 (SIGCHLD) received from 21
2023/06/01 11:28:07 [notice] 1#1: worker process 21 exited with code 0
2023/06/01 11:28:07 [notice] 1#1: signal 29 (SIGIO) received
2023/06/01 11:28:07 [notice] 1#1: signal 17 (SIGCHLD) received from 27
2023/06/01 11:28:07 [notice] 1#1: worker process 27 exited with code 0
2023/06/01 11:28:07 [notice] 1#1: exit
2023/06/01 11:28:45 [notice] 1#1: using the "epoll" event method
2023/06/01 11:28:45 [notice] 1#1: nginx/1.23.4
2023/06/01 11:28:45 [notice] 1#1: built by gcc 10.2.1 20210110 (Debian 10.2.1-6) 
2023/06/01 11:28:45 [notice] 1#1: OS: Linux 5.19.0-42-generic
2023/06/01 11:28:45 [notice] 1#1: getrlimit(RLIMIT_NOFILE): 1048576:1048576
2023/06/01 11:28:45 [notice] 1#1: start worker processes
2023/06/01 11:28:45 [notice] 1#1: start worker process 20
2023/06/01 11:28:45 [notice] 1#1: start worker process 21
2023/06/01 11:28:45 [notice] 1#1: start worker process 22
2023/06/01 11:28:45 [notice] 1#1: start worker process 23
2023/06/01 11:28:45 [notice] 1#1: start worker process 24
2023/06/01 11:28:45 [notice] 1#1: start worker process 25
2023/06/01 11:28:45 [notice] 1#1: start worker process 26
2023/06/01 11:28:45 [notice] 1#1: start worker process 27
2023/06/01 11:31:58 [notice] 1#1: signal 3 (SIGQUIT) received, shutting down
2023/06/01 11:31:58 [notice] 21#21: gracefully shutting down
2023/06/01 11:31:58 [notice] 27#27: gracefully shutting down
2023/06/01 11:31:58 [notice] 27#27: exiting
2023/06/01 11:31:58 [notice] 22#22: gracefully shutting down
2023/06/01 11:31:58 [notice] 22#22: exiting
2023/06/01 11:31:58 [notice] 23#23: gracefully shutting down
2023/06/01 11:31:58 [notice] 23#23: exiting
2023/06/01 11:31:58 [notice] 26#26: gracefully shutting down
2023/06/01 11:31:58 [notice] 26#26: exiting
2023/06/01 11:31:58 [notice] 25#25: gracefully shutting down
2023/06/01 11:31:58 [notice] 20#20: gracefully shutting down
2023/06/01 11:31:58 [notice] 22#22: exit
2023/06/01 11:31:58 [notice] 27#27: exit
2023/06/01 11:31:58 [notice] 23#23: exit
2023/06/01 11:31:58 [notice] 26#26: exit
2023/06/01 11:31:58 [notice] 25#25: exiting
2023/06/01 11:31:58 [notice] 25#25: exit
2023/06/01 11:31:58 [notice] 24#24: gracefully shutting down
2023/06/01 11:31:58 [notice] 21#21: exiting
2023/06/01 11:31:58 [notice] 24#24: exiting
2023/06/01 11:31:58 [notice] 20#20: exiting
2023/06/01 11:31:58 [notice] 24#24: exit
2023/06/01 11:31:58 [notice] 21#21: exit
2023/06/01 11:31:58 [notice] 20#20: exit
2023/06/01 11:31:58 [notice] 1#1: signal 17 (SIGCHLD) received from 21
2023/06/01 11:31:58 [notice] 1#1: worker process 21 exited with code 0
2023/06/01 11:31:58 [notice] 1#1: signal 29 (SIGIO) received
2023/06/01 11:31:58 [notice] 1#1: signal 17 (SIGCHLD) received from 26
2023/06/01 11:31:58 [notice] 1#1: worker process 23 exited with code 0
2023/06/01 11:31:58 [notice] 1#1: worker process 26 exited with code 0
2023/06/01 11:31:58 [notice] 1#1: signal 29 (SIGIO) received
2023/06/01 11:31:58 [notice] 1#1: signal 17 (SIGCHLD) received from 23
2023/06/01 11:31:58 [notice] 1#1: signal 17 (SIGCHLD) received from 20
2023/06/01 11:31:58 [notice] 1#1: worker process 20 exited with code 0
2023/06/01 11:31:58 [notice] 1#1: worker process 24 exited with code 0
2023/06/01 11:31:58 [notice] 1#1: signal 29 (SIGIO) received
2023/06/01 11:31:58 [notice] 1#1: signal 17 (SIGCHLD) received from 24
2023/06/01 11:31:58 [notice] 1#1: worker process 22 exited with code 0
2023/06/01 11:31:58 [notice] 1#1: signal 29 (SIGIO) received
2023/06/01 11:31:58 [notice] 1#1: signal 17 (SIGCHLD) received from 27
2023/06/01 11:31:58 [notice] 1#1: worker process 27 exited with code 0
2023/06/01 11:31:58 [notice] 1#1: signal 29 (SIGIO) received
2023/06/01 11:31:58 [notice] 1#1: signal 17 (SIGCHLD) received from 25
2023/06/01 11:31:58 [notice] 1#1: worker process 25 exited with code 0
2023/06/01 11:31:58 [notice] 1#1: exit
2023/06/01 11:32:05 [notice] 1#1: using the "epoll" event method
2023/06/01 11:32:05 [notice] 1#1: nginx/1.23.4
2023/06/01 11:32:05 [notice] 1#1: built by gcc 10.2.1 20210110 (Debian 10.2.1-6) 
2023/06/01 11:32:05 [notice] 1#1: OS: Linux 5.19.0-42-generic
2023/06/01 11:32:05 [notice] 1#1: getrlimit(RLIMIT_NOFILE): 1048576:1048576
2023/06/01 11:32:05 [notice] 1#1: start worker processes
2023/06/01 11:32:05 [notice] 1#1: start worker process 21
2023/06/01 11:32:05 [notice] 1#1: start worker process 22
2023/06/01 11:32:05 [notice] 1#1: start worker process 23
2023/06/01 11:32:05 [notice] 1#1: start worker process 24
2023/06/01 11:32:05 [notice] 1#1: start worker process 25
2023/06/01 11:32:05 [notice] 1#1: start worker process 26
2023/06/01 11:32:05 [notice] 1#1: start worker process 27
2023/06/01 11:32:05 [notice] 1#1: start worker process 28
2023/06/01 11:32:06 [error] 22#22: *2 connect() failed (111: Connection refused) while connecting to upstream, client: 192.168.80.1, server: rest.local, request: "GET / HTTP/1.1", upstream: "fastcgi://192.168.80.2:9000", host: "localhost:8101"
2023/06/01 11:32:09 [error] 21#21: *5 connect() failed (111: Connection refused) while connecting to upstream, client: 192.168.80.1, server: rest.local, request: "GET / HTTP/1.1", upstream: "fastcgi://192.168.80.2:9000", host: "localhost:8101"
2023/06/01 11:32:11 [error] 21#21: *5 connect() failed (111: Connection refused) while connecting to upstream, client: 192.168.80.1, server: rest.local, request: "GET / HTTP/1.1", upstream: "fastcgi://192.168.80.2:9000", host: "localhost:8101"
2023/06/01 11:33:08 [error] 28#28: *9 connect() failed (111: Connection refused) while connecting to upstream, client: 192.168.80.1, server: rest.local, request: "GET / HTTP/1.1", upstream: "fastcgi://192.168.80.2:9000", host: "localhost:8101"
2023/06/01 11:33:25 [error] 23#23: *12 connect() failed (111: Connection refused) while connecting to upstream, client: 192.168.80.1, server: rest.local, request: "GET /index.php HTTP/1.1", upstream: "fastcgi://192.168.80.2:9000", host: "localhost:8101"
2023/06/01 11:33:31 [error] 26#26: *14 connect() failed (111: Connection refused) while connecting to upstream, client: 192.168.80.1, server: rest.local, request: "GET /info.php HTTP/1.1", upstream: "fastcgi://192.168.80.2:9000", host: "localhost:8101"
2023/06/01 11:44:12 [notice] 1#1: signal 3 (SIGQUIT) received, shutting down
2023/06/01 11:44:12 [notice] 23#23: gracefully shutting down
2023/06/01 11:44:12 [notice] 25#25: gracefully shutting down
2023/06/01 11:44:12 [notice] 26#26: gracefully shutting down
2023/06/01 11:44:12 [notice] 28#28: gracefully shutting down
2023/06/01 11:44:12 [notice] 27#27: gracefully shutting down
2023/06/01 11:44:12 [notice] 21#21: gracefully shutting down
2023/06/01 11:44:12 [notice] 22#22: gracefully shutting down
2023/06/01 11:44:12 [notice] 24#24: gracefully shutting down
2023/06/01 11:44:12 [notice] 27#27: exiting
2023/06/01 11:44:12 [notice] 26#26: exiting
2023/06/01 11:44:12 [notice] 21#21: exiting
2023/06/01 11:44:12 [notice] 28#28: exiting
2023/06/01 11:44:12 [notice] 23#23: exiting
2023/06/01 11:44:12 [notice] 22#22: exiting
2023/06/01 11:44:12 [notice] 24#24: exiting
2023/06/01 11:44:12 [notice] 25#25: exiting
2023/06/01 11:44:12 [notice] 23#23: exit
2023/06/01 11:44:12 [notice] 21#21: exit
2023/06/01 11:44:12 [notice] 27#27: exit
2023/06/01 11:44:12 [notice] 25#25: exit
2023/06/01 11:44:12 [notice] 22#22: exit
2023/06/01 11:44:12 [notice] 26#26: exit
2023/06/01 11:44:12 [notice] 28#28: exit
2023/06/01 11:44:12 [notice] 24#24: exit
2023/06/01 11:44:12 [notice] 1#1: signal 17 (SIGCHLD) received from 23
2023/06/01 11:44:12 [notice] 1#1: worker process 23 exited with code 0
2023/06/01 11:44:12 [notice] 1#1: signal 29 (SIGIO) received
2023/06/01 11:44:12 [notice] 1#1: signal 17 (SIGCHLD) received from 26
2023/06/01 11:44:12 [notice] 1#1: worker process 26 exited with code 0
2023/06/01 11:44:12 [notice] 1#1: signal 29 (SIGIO) received
2023/06/01 11:44:13 [notice] 1#1: signal 17 (SIGCHLD) received from 24
2023/06/01 11:44:13 [notice] 1#1: worker process 24 exited with code 0
2023/06/01 11:44:13 [notice] 1#1: signal 29 (SIGIO) received
2023/06/01 11:44:13 [notice] 1#1: signal 17 (SIGCHLD) received from 22
2023/06/01 11:44:13 [notice] 1#1: worker process 22 exited with code 0
2023/06/01 11:44:13 [notice] 1#1: signal 29 (SIGIO) received
2023/06/01 11:44:13 [notice] 1#1: signal 17 (SIGCHLD) received from 28
2023/06/01 11:44:13 [notice] 1#1: worker process 28 exited with code 0
2023/06/01 11:44:13 [notice] 1#1: signal 29 (SIGIO) received
2023/06/01 11:44:13 [notice] 1#1: signal 17 (SIGCHLD) received from 27
2023/06/01 11:44:13 [notice] 1#1: worker process 27 exited with code 0
2023/06/01 11:44:13 [notice] 1#1: signal 29 (SIGIO) received
2023/06/01 11:44:13 [notice] 1#1: signal 17 (SIGCHLD) received from 25
2023/06/01 11:44:13 [notice] 1#1: worker process 21 exited with code 0
2023/06/01 11:44:13 [notice] 1#1: worker process 25 exited with code 0
2023/06/01 11:44:13 [notice] 1#1: exit
2023/06/01 11:44:27 [emerg] 1#1: invalid number of arguments in "fastcgi_pass" directive in /etc/nginx/conf.d/app.conf:24
2023/06/01 11:44:29 [emerg] 1#1: invalid number of arguments in "fastcgi_pass" directive in /etc/nginx/conf.d/app.conf:24
2023/06/01 11:44:32 [emerg] 1#1: invalid number of arguments in "fastcgi_pass" directive in /etc/nginx/conf.d/app.conf:24
2023/06/01 11:44:33 [emerg] 1#1: invalid number of arguments in "fastcgi_pass" directive in /etc/nginx/conf.d/app.conf:24
2023/06/01 11:44:34 [emerg] 1#1: invalid number of arguments in "fastcgi_pass" directive in /etc/nginx/conf.d/app.conf:24
2023/06/01 11:44:36 [emerg] 1#1: invalid number of arguments in "fastcgi_pass" directive in /etc/nginx/conf.d/app.conf:24
2023/06/01 11:44:40 [emerg] 1#1: invalid number of arguments in "fastcgi_pass" directive in /etc/nginx/conf.d/app.conf:24
2023/06/01 11:44:47 [emerg] 1#1: invalid number of arguments in "fastcgi_pass" directive in /etc/nginx/conf.d/app.conf:24
2023/06/01 11:45:01 [emerg] 1#1: invalid number of arguments in "fastcgi_pass" directive in /etc/nginx/conf.d/app.conf:24
2023/06/01 11:45:27 [emerg] 1#1: invalid number of arguments in "fastcgi_pass" directive in /etc/nginx/conf.d/app.conf:24
2023/06/01 11:45:55 [notice] 1#1: using the "epoll" event method
2023/06/01 11:45:55 [notice] 1#1: nginx/1.23.4
2023/06/01 11:45:55 [notice] 1#1: built by gcc 10.2.1 20210110 (Debian 10.2.1-6) 
2023/06/01 11:45:55 [notice] 1#1: OS: Linux 5.19.0-42-generic
2023/06/01 11:45:55 [notice] 1#1: getrlimit(RLIMIT_NOFILE): 1048576:1048576
2023/06/01 11:45:55 [notice] 1#1: start worker processes
2023/06/01 11:45:55 [notice] 1#1: start worker process 20
2023/06/01 11:45:55 [notice] 1#1: start worker process 21
2023/06/01 11:45:55 [notice] 1#1: start worker process 22
2023/06/01 11:45:55 [notice] 1#1: start worker process 23
2023/06/01 11:45:55 [notice] 1#1: start worker process 24
2023/06/01 11:45:55 [notice] 1#1: start worker process 25
2023/06/01 11:45:55 [notice] 1#1: start worker process 26
2023/06/01 11:45:55 [notice] 1#1: start worker process 27
2023/06/01 11:53:11 [error] 22#22: *14 FastCGI sent in stderr: "PHP message: Xdebug: [Step Debug] Could not connect to debugging client. Tried: 192.168.100.30:9009 (through xdebug.client_host/xdebug.client_port)" while reading response header from upstream, client: 192.168.80.1, server: rest.local, request: "GET / HTTP/1.1", upstream: "fastcgi://192.168.80.5:9000", host: "localhost:8101"
2023/06/01 11:54:29 [error] 22#22: *17 upstream timed out (110: Connection timed out) while reading response header from upstream, client: 192.168.80.1, server: rest.local, request: "GET / HTTP/1.1", upstream: "fastcgi://192.168.80.5:9000", host: "localhost:8101"
2023/06/01 11:56:48 [error] 25#25: *22 FastCGI sent in stderr: "PHP message: Xdebug: [Step Debug] Could not connect to debugging client. Tried: 192.168.100.30:9009 (through xdebug.client_host/xdebug.client_port)" while reading response header from upstream, client: 192.168.80.1, server: rest.local, request: "GET / HTTP/1.1", upstream: "fastcgi://192.168.80.5:9000", host: "localhost:8101"
2023/06/01 11:56:51 [error] 22#22: *26 FastCGI sent in stderr: "PHP message: Xdebug: [Step Debug] Could not connect to debugging client. Tried: 192.168.100.30:9009 (through xdebug.client_host/xdebug.client_port)" while reading response header from upstream, client: 192.168.80.1, server: rest.local, request: "GET / HTTP/1.1", upstream: "fastcgi://192.168.80.5:9000", host: "localhost:8101"
2023/06/01 11:56:53 [error] 22#22: *26 FastCGI sent in stderr: "PHP message: Xdebug: [Step Debug] Could not connect to debugging client. Tried: 192.168.100.30:9009 (through xdebug.client_host/xdebug.client_port)" while reading response header from upstream, client: 192.168.80.1, server: rest.local, request: "GET / HTTP/1.1", upstream: "fastcgi://192.168.80.5:9000", host: "localhost:8101"
2023/06/01 11:57:03 [error] 25#25: *29 FastCGI sent in stderr: "PHP message: Xdebug: [Step Debug] Could not connect to debugging client. Tried: 192.168.100.30:9009 (through xdebug.client_host/xdebug.client_port)" while reading response header from upstream, client: 192.168.80.1, server: rest.local, request: "GET / HTTP/1.1", upstream: "fastcgi://192.168.80.5:9000", host: "localhost:8101"
2023/06/01 11:57:26 [error] 25#25: *32 FastCGI sent in stderr: "PHP message: Xdebug: [Step Debug] Could not connect to debugging client. Tried: 192.168.100.30:9009 (through xdebug.client_host/xdebug.client_port)" while reading response header from upstream, client: 192.168.80.1, server: rest.local, request: "GET / HTTP/1.1", upstream: "fastcgi://192.168.80.5:9000", host: "localhost:8101"
2023/06/01 11:57:28 [error] 25#25: *32 FastCGI sent in stderr: "PHP message: Xdebug: [Step Debug] Could not connect to debugging client. Tried: 192.168.100.30:9009 (through xdebug.client_host/xdebug.client_port)" while reading response header from upstream, client: 192.168.80.1, server: rest.local, request: "GET / HTTP/1.1", upstream: "fastcgi://192.168.80.5:9000", host: "localhost:8101"
2023/06/01 11:57:32 [error] 25#25: *37 FastCGI sent in stderr: "PHP message: Xdebug: [Step Debug] Could not connect to debugging client. Tried: 192.168.100.30:9009 (through xdebug.client_host/xdebug.client_port)" while reading response header from upstream, client: 192.168.80.1, server: rest.local, request: "GET /info.php HTTP/1.1", upstream: "fastcgi://192.168.80.5:9000", host: "localhost:8101"
2023/06/01 11:57:46 [error] 25#25: *40 FastCGI sent in stderr: "PHP message: Xdebug: [Step Debug] Could not connect to debugging client. Tried: 192.168.100.30:9009 (through xdebug.client_host/xdebug.client_port)" while reading response header from upstream, client: 192.168.80.1, server: rest.local, request: "GET /info.php HTTP/1.1", upstream: "fastcgi://192.168.80.5:9000", host: "localhost:8101"
2023/06/01 11:58:28 [error] 22#22: *51 FastCGI sent in stderr: "PHP message: Xdebug: [Step Debug] Could not connect to debugging client. Tried: 192.168.100.30:9009 (through xdebug.client_host/xdebug.client_port)" while reading response header from upstream, client: 192.168.80.1, server: rest.local, request: "GET / HTTP/1.1", upstream: "fastcgi://192.168.80.5:9000", host: "localhost:8101"
2023/06/01 11:58:58 [error] 22#22: *57 FastCGI sent in stderr: "PHP message: Xdebug: [Step Debug] Could not connect to debugging client. Tried: 192.168.100.30:9009 (through xdebug.client_host/xdebug.client_port)" while reading response header from upstream, client: 192.168.80.1, server: rest.local, request: "GET / HTTP/1.1", upstream: "fastcgi://192.168.80.5:9000", host: "localhost:8101"
2023/06/01 12:00:04 [error] 22#22: *60 upstream timed out (110: Connection timed out) while reading response header from upstream, client: 192.168.80.1, server: rest.local, request: "GET / HTTP/1.1", upstream: "fastcgi://192.168.80.5:9000", host: "localhost:8101"
2023/06/01 12:37:51 [notice] 1#1: signal 3 (SIGQUIT) received, shutting down
2023/06/01 12:37:51 [notice] 26#26: gracefully shutting down
2023/06/01 12:37:51 [notice] 21#21: gracefully shutting down
2023/06/01 12:37:51 [notice] 22#22: gracefully shutting down
2023/06/01 12:37:51 [notice] 20#20: gracefully shutting down
2023/06/01 12:37:51 [notice] 23#23: gracefully shutting down
2023/06/01 12:37:51 [notice] 27#27: gracefully shutting down
2023/06/01 12:37:51 [notice] 25#25: gracefully shutting down
2023/06/01 12:37:51 [notice] 24#24: gracefully shutting down
2023/06/01 12:37:51 [notice] 22#22: exiting
2023/06/01 12:37:51 [notice] 26#26: exiting
2023/06/01 12:37:51 [notice] 23#23: exiting
2023/06/01 12:37:51 [notice] 27#27: exiting
2023/06/01 12:37:51 [notice] 24#24: exiting
2023/06/01 12:37:51 [notice] 21#21: exiting
2023/06/01 12:37:51 [notice] 25#25: exiting
2023/06/01 12:37:51 [notice] 20#20: exiting
2023/06/01 12:37:51 [notice] 23#23: exit
2023/06/01 12:37:51 [notice] 27#27: exit
2023/06/01 12:37:51 [notice] 21#21: exit
2023/06/01 12:37:51 [notice] 24#24: exit
2023/06/01 12:37:51 [notice] 22#22: exit
2023/06/01 12:37:51 [notice] 20#20: exit
2023/06/01 12:37:51 [notice] 26#26: exit
2023/06/01 12:37:51 [notice] 25#25: exit
2023/06/01 12:37:51 [notice] 1#1: signal 17 (SIGCHLD) received from 25
2023/06/01 12:37:51 [notice] 1#1: worker process 25 exited with code 0
2023/06/01 12:37:51 [notice] 1#1: signal 29 (SIGIO) received
2023/06/01 12:37:51 [notice] 1#1: signal 17 (SIGCHLD) received from 22
2023/06/01 12:37:51 [notice] 1#1: worker process 22 exited with code 0
2023/06/01 12:37:51 [notice] 1#1: signal 29 (SIGIO) received
2023/06/01 12:37:51 [notice] 1#1: signal 17 (SIGCHLD) received from 20
2023/06/01 12:37:51 [notice] 1#1: worker process 20 exited with code 0
2023/06/01 12:37:51 [notice] 1#1: signal 29 (SIGIO) received
2023/06/01 12:37:51 [notice] 1#1: signal 17 (SIGCHLD) received from 27
2023/06/01 12:37:51 [notice] 1#1: worker process 21 exited with code 0
2023/06/01 12:37:51 [notice] 1#1: worker process 23 exited with code 0
2023/06/01 12:37:51 [notice] 1#1: worker process 24 exited with code 0
2023/06/01 12:37:51 [notice] 1#1: worker process 27 exited with code 0
2023/06/01 12:37:51 [notice] 1#1: signal 29 (SIGIO) received
2023/06/01 12:37:51 [notice] 1#1: signal 17 (SIGCHLD) received from 26
2023/06/01 12:37:51 [notice] 1#1: worker process 26 exited with code 0
2023/06/01 12:37:51 [notice] 1#1: exit
2023/06/01 12:38:48 [notice] 1#1: using the "epoll" event method
2023/06/01 12:38:48 [notice] 1#1: nginx/1.23.4
2023/06/01 12:38:48 [notice] 1#1: built by gcc 10.2.1 20210110 (Debian 10.2.1-6) 
2023/06/01 12:38:48 [notice] 1#1: OS: Linux 5.19.0-42-generic
2023/06/01 12:38:48 [notice] 1#1: getrlimit(RLIMIT_NOFILE): 1048576:1048576
2023/06/01 12:38:48 [notice] 1#1: start worker processes
2023/06/01 12:38:48 [notice] 1#1: start worker process 19
2023/06/01 12:38:48 [notice] 1#1: start worker process 20
2023/06/01 12:38:48 [notice] 1#1: start worker process 21
2023/06/01 12:38:48 [notice] 1#1: start worker process 22
2023/06/01 12:38:48 [notice] 1#1: start worker process 23
2023/06/01 12:38:48 [notice] 1#1: start worker process 24
2023/06/01 12:38:48 [notice] 1#1: start worker process 25
2023/06/01 12:38:48 [notice] 1#1: start worker process 26
2023/06/01 12:51:59 [error] 24#24: *8 FastCGI sent in stderr: "PHP message: Xdebug: [Step Debug] Could not connect to debugging client. Tried: xdebug-phpstorm.my:9009 (through xdebug.client_host/xdebug.client_port)" while reading response header from upstream, client: 192.168.176.1, server: rest.local, request: "GET / HTTP/1.1", upstream: "fastcgi://192.168.176.3:9000", host: "localhost:8101"
2023/06/01 12:52:00 [error] 26#26: *11 FastCGI sent in stderr: "PHP message: Xdebug: [Step Debug] Could not connect to debugging client. Tried: xdebug-phpstorm.my:9009 (through xdebug.client_host/xdebug.client_port)" while reading response header from upstream, client: 192.168.176.1, server: rest.local, request: "GET / HTTP/1.1", upstream: "fastcgi://192.168.176.3:9000", host: "localhost:8101"
2023/06/01 12:53:36 [notice] 1#1: signal 3 (SIGQUIT) received, shutting down
2023/06/01 12:53:36 [notice] 20#20: gracefully shutting down
2023/06/01 12:53:36 [notice] 24#24: gracefully shutting down
2023/06/01 12:53:36 [notice] 26#26: gracefully shutting down
2023/06/01 12:53:36 [notice] 19#19: gracefully shutting down
2023/06/01 12:53:36 [notice] 23#23: gracefully shutting down
2023/06/01 12:53:36 [notice] 25#25: gracefully shutting down
2023/06/01 12:53:36 [notice] 22#22: gracefully shutting down
2023/06/01 12:53:36 [notice] 21#21: gracefully shutting down
2023/06/01 12:53:36 [notice] 23#23: exiting
2023/06/01 12:53:36 [notice] 25#25: exiting
2023/06/01 12:53:36 [notice] 24#24: exiting
2023/06/01 12:53:36 [notice] 20#20: exiting
2023/06/01 12:53:36 [notice] 26#26: exiting
2023/06/01 12:53:36 [notice] 22#22: exiting
2023/06/01 12:53:36 [notice] 21#21: exiting
2023/06/01 12:53:36 [notice] 19#19: exiting
2023/06/01 12:53:36 [notice] 21#21: exit
2023/06/01 12:53:36 [notice] 20#20: exit
2023/06/01 12:53:36 [notice] 24#24: exit
2023/06/01 12:53:36 [notice] 26#26: exit
2023/06/01 12:53:36 [notice] 23#23: exit
2023/06/01 12:53:36 [notice] 19#19: exit
2023/06/01 12:53:36 [notice] 22#22: exit
2023/06/01 12:53:36 [notice] 25#25: exit
2023/06/01 12:53:36 [notice] 1#1: signal 17 (SIGCHLD) received from 22
2023/06/01 12:53:36 [notice] 1#1: worker process 22 exited with code 0
2023/06/01 12:53:36 [notice] 1#1: signal 29 (SIGIO) received
2023/06/01 12:53:36 [notice] 1#1: signal 17 (SIGCHLD) received from 19
2023/06/01 12:53:36 [notice] 1#1: worker process 19 exited with code 0
2023/06/01 12:53:36 [notice] 1#1: worker process 21 exited with code 0
2023/06/01 12:53:36 [notice] 1#1: worker process 25 exited with code 0
2023/06/01 12:53:36 [notice] 1#1: signal 29 (SIGIO) received
2023/06/01 12:53:36 [notice] 1#1: signal 17 (SIGCHLD) received from 23
2023/06/01 12:53:36 [notice] 1#1: worker process 23 exited with code 0
2023/06/01 12:53:36 [notice] 1#1: worker process 24 exited with code 0
2023/06/01 12:53:36 [notice] 1#1: signal 29 (SIGIO) received
2023/06/01 12:53:36 [notice] 1#1: signal 17 (SIGCHLD) received from 26
2023/06/01 12:53:36 [notice] 1#1: worker process 26 exited with code 0
2023/06/01 12:53:36 [notice] 1#1: signal 29 (SIGIO) received
2023/06/01 12:53:36 [notice] 1#1: signal 17 (SIGCHLD) received from 20
2023/06/01 12:53:36 [notice] 1#1: worker process 20 exited with code 0
2023/06/01 12:53:36 [notice] 1#1: exit
